<?xml version='1.0' encoding='UTF-8'?>
<dataset>
    <video libelle="spiderman"/>
    <video libelle="superman"/>
    <video libelle="batman for ever"/>
</dataset>