<?xml version='1.0' encoding='UTF-8'?>
<dataset>
    <video libelle="Spiderman"/>
    <video libelle="Superman"/>
    <video libelle="Batman for ever"/>
</dataset>